<?xml version="1.0" encoding="UTF-8"?>
<!-- Generated by org.testng.reporters.JUnitReportReporter -->
<testsuite ignored="0" hostname="SurfaceBrake" failures="0" tests="1" name="LoginTestCase.TC03_LoginXslData" time="1.794" errors="0" timestamp="24 feb 2024 15:38:43 GMT" skipped="0">
  <testcase classname="LoginTestCase.TC03_LoginXslData" name="TC03" time="1.794"/>
</testsuite> <!-- LoginTestCase.TC03_LoginXslData -->
