<?xml version="1.0" encoding="UTF-8"?>
<!-- Generated by org.testng.reporters.JUnitReportReporter -->
<testsuite ignored="0" hostname="SurfaceBrake" failures="0" tests="1" name="prueba.PruebaTest" time="22.667" errors="0" timestamp="26 ene 2024 07:35:48 GMT" skipped="0">
  <testcase classname="prueba.PruebaTest" name="f" time="22.667"/>
</testsuite> <!-- prueba.PruebaTest -->
