<?xml version="1.0" encoding="UTF-8"?>
<!-- Generated by org.testng.reporters.JUnitReportReporter -->
<testsuite ignored="0" hostname="SurfaceBrake" failures="0" tests="1" name="LoginTestCase.TC01_Login" time="0.762" errors="0" timestamp="19 feb 2024 19:37:10 GMT" skipped="0">
  <testcase classname="LoginTestCase.TC01_Login" name="TC01" time="0.762"/>
</testsuite> <!-- LoginTestCase.TC01_Login -->
