<?xml version="1.0" encoding="UTF-8"?>
<!-- Generated by org.testng.reporters.JUnitReportReporter -->
<testsuite ignored="0" hostname="SurfaceBrake" failures="0" tests="1" name="prueba.PruebaTest" time="6.159" errors="0" timestamp="27 ene 2024 14:00:38 GMT" skipped="0">
  <testcase classname="prueba.PruebaTest" name="f" time="6.159"/>
</testsuite> <!-- prueba.PruebaTest -->
