<?xml version="1.0" encoding="UTF-8"?>
<!-- Generated by org.testng.reporters.JUnitReportReporter -->
<testsuite ignored="0" hostname="SurfaceBrake" failures="0" tests="1" name="LoginTestCase.TC03_LoginJsonData" time="1.235" errors="0" timestamp="24 feb 2024 15:01:09 GMT" skipped="0">
  <testcase classname="LoginTestCase.TC03_LoginJsonData" name="TC03" time="1.235"/>
</testsuite> <!-- LoginTestCase.TC03_LoginJsonData -->
