<?xml version="1.0" encoding="UTF-8"?>
<!-- Generated by org.testng.reporters.JUnitReportReporter -->
<testsuite ignored="0" hostname="SurfaceBrake" failures="0" tests="1" name="checkoutComplete.TC04_checkoutComplete" time="1.594" errors="0" timestamp="19 feb 2024 19:37:10 GMT" skipped="0">
  <testcase classname="checkoutComplete.TC04_checkoutComplete" name="Tc04" time="1.594"/>
</testsuite> <!-- checkoutComplete.TC04_checkoutComplete -->
