<?xml version="1.0" encoding="UTF-8"?>
<!-- Generated by org.testng.reporters.JUnitReportReporter -->
<testsuite ignored="0" hostname="SurfaceBrake" failures="0" tests="1" name="inventoryTestCase.TC03_VerifyRemoveButton" time="0.747" errors="0" timestamp="19 feb 2024 19:37:10 GMT" skipped="0">
  <testcase classname="inventoryTestCase.TC03_VerifyRemoveButton" name="TC03" time="0.747"/>
</testsuite> <!-- inventoryTestCase.TC03_VerifyRemoveButton -->
