<?xml version="1.0" encoding="UTF-8"?>
<!-- Generated by org.testng.reporters.JUnitReportReporter -->
<testsuite ignored="0" hostname="SurfaceBrake" failures="0" tests="1" name="prueba.PruebaTest" time="8.323" errors="0" timestamp="16 feb 2024 04:58:52 GMT" skipped="0">
  <testcase classname="prueba.PruebaTest" name="f" time="8.323"/>
</testsuite> <!-- prueba.PruebaTest -->
