<?xml version="1.0" encoding="UTF-8"?>
<!-- Generated by org.testng.reporters.JUnitReportReporter -->
<testsuite ignored="0" hostname="SurfaceBrake" failures="0" tests="1" name="prueba.NewTestd" time="4.512" errors="0" timestamp="10 feb 2024 15:34:18 GMT" skipped="0">
  <testcase classname="prueba.NewTestd" name="f" time="4.512"/>
</testsuite> <!-- prueba.NewTestd -->
